help.are
limbo.are
void.are
classeq.are
arena.are
heaven.are
hell.are
cathedral.are
artifacts.are
jad.are
camelot.are
elru.are
darkcastle.are
yoria.are
fortress.are
noria.are
church.are
atlantis.are
demontemple.are
trabia.are
gaia.are
cave.are
ancilla.are
vampcastle.are
nevarre.are
dojo.are
artema.are
magetower.are
pred.are
golden.are
hpath.are
illusion.are
deathvalley.are
isle.are
bathsheba.are
kavir.are
mystic.are
petcem.are
balamb.are
paths.are
santa.are
abc.are
billarea.are
reception.are
dungeon.are
$
